<?xml version="1.0" encoding="UTF-8"?>
<!-- Generated by org.testng.reporters.JUnitReportReporter -->
<testsuite skipped="0" hostname="SmitaPC" name="testcases.TripPlanner" tests="2" failures="0" timestamp="2020-09-28T12:49:58 AEST" time="23.184" errors="0">
  <testcase name="scrollingForResults" time="2.356" classname="testcases.TripPlanner"/>
  <system-out/>
  <testcase name="tripPlanning" time="20.828" classname="testcases.TripPlanner"/>
  <system-out/>
</testsuite> <!-- testcases.TripPlanner -->
