<?xml version="1.0" encoding="UTF-8"?>
<!-- Generated by org.testng.reporters.JUnitReportReporter -->
<testsuite skipped="0" hostname="SmitaPC" name="trial.TripPlanner" tests="2" failures="0" timestamp="2020-09-27T00:26:16 AEST" time="10.598" errors="0">
  <testcase name="scrollingForResults" time="2.814" classname="trial.TripPlanner"/>
  <system-out/>
  <testcase name="tripPlanning" time="7.784" classname="trial.TripPlanner"/>
  <system-out/>
</testsuite> <!-- trial.TripPlanner -->
